<?xml version="1.0" encoding="UTF-8"?>
<!-- Generated by org.testng.reporters.JUnitXMLReporter -->
<testsuite hostname="PC-201310021849" ignored="1" name="SureOrder" tests="1" failures="0" timestamp="24 一月 2021 15:22:46 GMT" time="15.112" errors="0">
  <testcase name="SureSubmit" time="2.443" classname="ranxiangxue.selenium.maven1.runcase.SureSubmitCase"/>
  <testcase name="LoginSureSubmit" time="0.0" classname="ranxiangxue.selenium.maven1.runcase.SureSubmitCase">
    <ignored/>
  </testcase> <!-- LoginSureSubmit -->
</testsuite> <!-- SureOrder -->
