<?xml version="1.0" encoding="UTF-8"?>
<!-- Generated by org.testng.reporters.JUnitXMLReporter -->
<testsuite hostname="PC-201310021849" ignored="0" name="Login" tests="1" failures="1" timestamp="24 一月 2021 15:28:33 GMT" time="35.44" errors="0">
  <testcase name="case1" time="3.218" classname="ranxiangxue.selenium.maven1.runcase.LoginCase">
    <failure type="java.lang.IllegalArgumentException" message="Must provide a location for a move action.">
      <![CDATA[java.lang.IllegalArgumentException: Must provide a location for a move action.
	at org.openqa.selenium.interactions.MoveMouseAction.<init>(MoveMouseAction.java:34)
	at org.openqa.selenium.interactions.Actions.moveToElement(Actions.java:257)
	at ranxiangxue.selenium.maven1.page.BasePage.MoveToElement(BasePage.java:53)
	at ranxiangxue.selenium.maven1.handle.LoginHandle.GetUserText(LoginHandle.java:39)
	at ranxiangxue.selenium.maven1.runcase.LoginCase.case1(LoginCase.java:63)
... Removed 25 stack frames]]>
    </failure>
  </testcase> <!-- case1 -->
</testsuite> <!-- Login -->
