<?xml version="1.0" encoding="UTF-8"?>
<!-- Generated by org.testng.reporters.JUnitXMLReporter -->
<testsuite hostname="PC-201310021849" ignored="1" name="Test2" tests="1" failures="1" timestamp="21 一月 2021 15:00:53 GMT" time="34.142" errors="0">
  <testcase name="AddCartCase" time="17.275" classname="ranxiangxue.selenium.maven1.runcase.CourseCase">
    <failure type="java.lang.NullPointerException">
      <![CDATA[java.lang.NullPointerException
	at ranxiangxue.selenium.maven1.handle.CourseHandle.ClickAddCart(CourseHandle.java:20)
	at ranxiangxue.selenium.maven1.runcase.CourseCase.AddCartCase(CourseCase.java:63)
	at java.util.concurrent.FutureTask.run(FutureTask.java:266)
	at java.util.concurrent.ThreadPoolExecutor.runWorker(ThreadPoolExecutor.java:1142)
	at java.util.concurrent.ThreadPoolExecutor$Worker.run(ThreadPoolExecutor.java:617)
	at java.lang.Thread.run(Thread.java:748)
... Removed 16 stack frames]]>
    </failure>
  </testcase> <!-- AddCartCase -->
  <testcase name="TestAleradyBuy" time="0.0" classname="ranxiangxue.selenium.maven1.runcase.CourseCase">
    <ignored/>
  </testcase> <!-- TestAleradyBuy -->
</testsuite> <!-- Test2 -->
