<?xml version="1.0" encoding="UTF-8"?>
<!-- Generated by org.testng.reporters.JUnitXMLReporter -->
<testsuite hostname="PC-201310021849" ignored="2" name="Test" tests="1" failures="0" timestamp="21 一月 2021 15:30:13 GMT" time="21.327" errors="0">
  <testcase name="beforeClass" time="21.285" classname="ranxiangxue.selenium.maven1.runcase.CourseCase"/>
  <testcase name="AddCartCase" time="0.0" classname="ranxiangxue.selenium.maven1.runcase.CourseCase">
    <ignored/>
  </testcase> <!-- AddCartCase -->
  <testcase name="TestAleradyBuy" time="0.0" classname="ranxiangxue.selenium.maven1.runcase.CourseCase">
    <ignored/>
  </testcase> <!-- TestAleradyBuy -->
</testsuite> <!-- Test -->
